c:\users\jovan\source\repos\lab2_2021\lab2_2021\x64\debug\vc143.pdb
c:\users\jovan\source\repos\lab2_2021\lab2_2021\x64\debug\vc143.idb
c:\users\jovan\source\repos\lab2_2021\lab2_2021\x64\debug\kupa.obj
c:\users\jovan\source\repos\lab2_2021\lab2_2021\x64\debug\zarubljena.obj
c:\users\jovan\source\repos\lab2_2021\lab2_2021\x64\debug\skladiste.obj
c:\users\jovan\source\repos\lab2_2021\lab2_2021\x64\debug\main_prog.obj
c:\users\jovan\source\repos\lab2_2021\lab2_2021\x64\debug\cvet.obj
c:\users\jovan\source\repos\lab2_2021\lab2_2021\x64\debug\buket.obj
c:\users\jovan\source\repos\lab2_2021\lab2_2021\x64\debug\cvecara.obj
c:\users\jovan\source\repos\lab2_2021\lab2_2021\x64\debug\knjiga.obj
c:\users\jovan\source\repos\lab2_2021\lab2_2021\x64\debug\biblioteka.obj
c:\users\jovan\source\repos\lab2_2021\x64\debug\lab2_2021.exe
c:\users\jovan\source\repos\lab2_2021\lab2_2021\x64\debug\lab2_2021.ilk
c:\users\jovan\source\repos\lab2_2021\x64\debug\lab2_2021.pdb
c:\users\jovan\source\repos\lab2_2021\lab2_2021\x64\debug\lab2_2021.tlog\cl.command.1.tlog
c:\users\jovan\source\repos\lab2_2021\lab2_2021\x64\debug\lab2_2021.tlog\cl.read.1.tlog
c:\users\jovan\source\repos\lab2_2021\lab2_2021\x64\debug\lab2_2021.tlog\cl.write.1.tlog
c:\users\jovan\source\repos\lab2_2021\lab2_2021\x64\debug\lab2_2021.tlog\link.command.1.tlog
c:\users\jovan\source\repos\lab2_2021\lab2_2021\x64\debug\lab2_2021.tlog\link.read.1.tlog
c:\users\jovan\source\repos\lab2_2021\lab2_2021\x64\debug\lab2_2021.tlog\link.write.1.tlog
